<?xml version="1.0" encoding="UTF-8"?>
<testsuite name="jytest"
           tests="50"
           failures="0"
           errors="0"
           skipped="0"
           time="1618.435">
  <properties />


      <testcase name="textUnderline_test" time="28.684" classname="com.webtest.demo.TestNewPost" />
      <testcase name="textAreaBackgroundColor_test" time="39.957" classname="com.webtest.demo.TestNewPost" />
      <testcase name="textJustify_test" time="28.829" classname="com.webtest.demo.TestNewPost" />
      <testcase name="textColor_test" time="36.302" classname="com.webtest.demo.TestNewPost" />
      <testcase name="textFont_test" time="32.674" classname="com.webtest.demo.TestNewPost" />
      <testcase name="textAreaBias_test" time="32.585" classname="com.webtest.demo.TestNewPost" />
      <testcase name="textLinkError_test" time="32.590" classname="com.webtest.demo.TestNewPost" />
      <testcase name="textAreaFontsizeAndParagraph_test" time="43.727" classname="com.webtest.demo.TestNewPost" />
      <testcase name="textAreaJustify_test" time="32.504" classname="com.webtest.demo.TestNewPost" />
      <testcase name="textBias_test" time="28.873" classname="com.webtest.demo.TestNewPost" />
      <testcase name="textFontSize_test" time="35.313" classname="com.webtest.demo.TestNewPost" />
      <testcase name="textRetract_test" time="28.866" classname="com.webtest.demo.TestNewPost" />
      <testcase name="textAreaAlignRight_test" time="32.531" classname="com.webtest.demo.TestNewPost" />
      <testcase name="textAreaCancleLink_test" time="40.006" classname="com.webtest.demo.TestNewPost" />
      <testcase name="textAreaLink_test" time="36.283" classname="com.webtest.demo.TestNewPost" />
      <testcase name="IntegralChar_test" time="28.552" classname="com.webtest.demo.TestNewPost" />
      <testcase name="textAreaAdd_test" time="28.829" classname="com.webtest.demo.TestNewPost" />
      <testcase name="textAlignCenter_test" time="28.659" classname="com.webtest.demo.TestNewPost" />
      <testcase name="textAreaAlignCenter_test" time="32.615" classname="com.webtest.demo.TestNewPost" />
      <testcase name="IntegralFloat_test" time="28.540" classname="com.webtest.demo.TestNewPost" />
      <testcase name="textAreaRetract_test" time="32.549" classname="com.webtest.demo.TestNewPost" />
      <testcase name="textCancleLink_test" time="36.317" classname="com.webtest.demo.TestNewPost" />
      <testcase name="textBackgroundColor_test" time="36.249" classname="com.webtest.demo.TestNewPost" />
      <testcase name="textAreaUnderline_test" time="32.535" classname="com.webtest.demo.TestNewPost" />
      <testcase name="textAreaCancleRetract_test" time="36.231" classname="com.webtest.demo.TestNewPost" />
      <testcase name="textFontsizeAndParagraph_test" time="40.087" classname="com.webtest.demo.TestNewPost" />
      <testcase name="textAreaColor_test" time="39.956" classname="com.webtest.demo.TestNewPost" />
      <testcase name="textAreaLinkError_test" time="36.263" classname="com.webtest.demo.TestNewPost" />
      <testcase name="textParagraph_test" time="33.472" classname="com.webtest.demo.TestNewPost" />
      <testcase name="textAreaStrikethroughAndUnderline_test" time="36.262" classname="com.webtest.demo.TestNewPost" />
      <testcase name="textCancleRetract_test" time="32.522" classname="com.webtest.demo.TestNewPost" />
      <testcase name="textAreaOverstriking_test" time="32.568" classname="com.webtest.demo.TestNewPost" />
      <testcase name="textAreaStrikethrough_test" time="32.631" classname="com.webtest.demo.TestNewPost" />
      <testcase name="textStrikethroughAndUnderline_test" time="32.581" classname="com.webtest.demo.TestNewPost" />
      <testcase name="textLink_test" time="32.604" classname="com.webtest.demo.TestNewPost" />
      <testcase name="IntegralNegativeInt_test" time="28.739" classname="com.webtest.demo.TestNewPost" />
      <testcase name="newPostFail_test" time="9.655" classname="com.webtest.demo.TestNewPost" />
      <testcase name="textOverstriking_test" time="28.875" classname="com.webtest.demo.TestNewPost" />
      <testcase name="withTheAttachment_test" time="27.289" classname="com.webtest.demo.TestNewPost" />
      <testcase name="textAlignLeft_test" time="25.799" classname="com.webtest.demo.TestNewPost" />
      <testcase name="textProcedureCode_test" time="28.868" classname="com.webtest.demo.TestNewPost" />
      <testcase name="newPostSuccess_test" time="25.840" classname="com.webtest.demo.TestNewPost" />
      <testcase name="textAreaAlignLeft_test" time="32.670" classname="com.webtest.demo.TestNewPost" />
      <testcase name="textAreaParagraph_test" time="36.268" classname="com.webtest.demo.TestNewPost" />
      <testcase name="IntegralPositiveInt_test" time="28.567" classname="com.webtest.demo.TestNewPost" />
      <testcase name="textAreaFontSize_test" time="36.309" classname="com.webtest.demo.TestNewPost" />
      <testcase name="textAreaFont_test" time="36.276" classname="com.webtest.demo.TestNewPost" />
      <testcase name="textrevocation_test" time="36.278" classname="com.webtest.demo.TestNewPost" />
      <testcase name="textAlignRight_test" time="28.382" classname="com.webtest.demo.TestNewPost" />
      <testcase name="textStrikethrough_test" time="28.874" classname="com.webtest.demo.TestNewPost" />

</testsuite>
