<?xml version="1.0" encoding="UTF-8"?>
<!-- Generated by org.testng.reporters.JUnitXMLReporter -->
<testsuite hostname="DESKTOP-H2NQ5S1" ignored="0" name="Default test" tests="3" failures="0" timestamp="2020-11-11T10:41:27 CST" time="53.298" errors="0">
  <testcase name="test1" time="11.898" classname="com.webtest.demo.TestDemo"/>
  <testcase name="test2" time="11.823" classname="com.webtest.demo.TestDemo"/>
  <testcase name="test3" time="11.684" classname="com.webtest.demo.TestDemo"/>
</testsuite> <!-- Default test -->
