<?xml version="1.0" encoding="UTF-8"?>
<!-- Generated by org.testng.reporters.JUnitXMLReporter -->
<testsuite hostname="DESKTOP-6FT6511" ignored="0" name="auto" tests="4" failures="3" timestamp="2020-11-16T10:56:21 CST" time="45.583" errors="0">
  <testcase name="testLogin" time="10.486" classname="com.webtest.lhdemo.Admin_Login"/>
  <testcase name="testLogin" time="6.52" classname="com.webtest.lhdemo.Admin_Login">
    <failure type="java.lang.AssertionError" message="expected [true] but found [false]">
        <![CDATA[java.lang.AssertionError: expected [true] but found [false]
at com.webtest.lhdemo.Admin_Login.testLogin(Admin_Login.java:24)
at java.util.ArrayList.forEach(ArrayList.java:1257)
at com.intellij.rt.testng.IDEARemoteTestNG.run(IDEARemoteTestNG.java:66)
at com.intellij.rt.testng.RemoteTestNGStarter.main(RemoteTestNGStarter.java:110)
... Removed 28 stack frames]]>
    </failure>
  </testcase> <!-- testLogin -->
  <testcase name="testLogin" time="6.465" classname="com.webtest.lhdemo.Admin_Login">
    <failure type="java.lang.AssertionError" message="expected [true] but found [false]">
        <![CDATA[java.lang.AssertionError: expected [true] but found [false]
at com.webtest.lhdemo.Admin_Login.testLogin(Admin_Login.java:24)
at java.util.ArrayList.forEach(ArrayList.java:1257)
at com.intellij.rt.testng.IDEARemoteTestNG.run(IDEARemoteTestNG.java:66)
at com.intellij.rt.testng.RemoteTestNGStarter.main(RemoteTestNGStarter.java:110)
... Removed 28 stack frames]]>
    </failure>
  </testcase> <!-- testLogin -->
  <testcase name="testLogin" time="6.541" classname="com.webtest.lhdemo.Admin_Login">
    <failure type="java.lang.AssertionError" message="expected [true] but found [false]">
        <![CDATA[java.lang.AssertionError: expected [true] but found [false]
at com.webtest.lhdemo.Admin_Login.testLogin(Admin_Login.java:24)
at java.util.ArrayList.forEach(ArrayList.java:1257)
at com.intellij.rt.testng.IDEARemoteTestNG.run(IDEARemoteTestNG.java:66)
at com.intellij.rt.testng.RemoteTestNGStarter.main(RemoteTestNGStarter.java:110)
... Removed 28 stack frames]]>
    </failure>
  </testcase> <!-- testLogin -->
</testsuite> <!-- auto -->
