<?xml version="1.0" encoding="UTF-8"?>
<testng-results skipped="0" failed="0" ignored="0" total="1" passed="1">
  <reporter-output>
  </reporter-output>
  <suite name="s1" duration-ms="37" started-at="2020-11-23T15:47:31 CST" finished-at="2020-11-23T15:47:31 CST">
    <groups>
    </groups>
    <test name="test1" duration-ms="37" started-at="2020-11-23T15:47:31 CST" finished-at="2020-11-23T15:47:31 CST">
      <class name="com.webtest.demo.AntTest">
        <test-method status="PASS" signature="test_ant()[pri:0, instance:com.webtest.demo.AntTest@6a024a67]" name="test_ant" duration-ms="3" started-at="2020-11-23T15:47:31 CST" finished-at="2020-11-23T15:47:31 CST">
          <reporter-output>
          </reporter-output>
        </test-method> <!-- test_ant -->
      </class> <!-- com.webtest.demo.AntTest -->
    </test> <!-- test1 -->
  </suite> <!-- s1 -->
</testng-results>
