<?xml version="1.0" encoding="UTF-8"?>
<!-- Generated by org.testng.reporters.JUnitXMLReporter -->
<testsuite hostname="DESKTOP-01NK0AV" ignored="0" name="Logintest" tests="50" failures="0" timestamp="2020-11-27T21:04:27 CST" time="1468.261" errors="0">
  <testcase name="newPostSuccess_test" time="25.786" classname="com.webtest.demo.TestNewPost"/>
  <testcase name="newPostFail_test" time="9.664" classname="com.webtest.demo.TestNewPost"/>
  <testcase name="withTheAttachment_test" time="25.767" classname="com.webtest.demo.TestNewPost"/>
  <testcase name="IntegralPositiveInt_test" time="25.718" classname="com.webtest.demo.TestNewPost"/>
  <testcase name="IntegralNegativeInt_test" time="25.786" classname="com.webtest.demo.TestNewPost"/>
  <testcase name="IntegralFloat_test" time="25.769" classname="com.webtest.demo.TestNewPost"/>
  <testcase name="IntegralChar_test" time="25.974" classname="com.webtest.demo.TestNewPost"/>
  <testcase name="textOverstriking_test" time="25.771" classname="com.webtest.demo.TestNewPost"/>
  <testcase name="textBias_test" time="25.719" classname="com.webtest.demo.TestNewPost"/>
  <testcase name="textStrikethrough_test" time="25.699" classname="com.webtest.demo.TestNewPost"/>
  <testcase name="textUnderline_test" time="25.716" classname="com.webtest.demo.TestNewPost"/>
  <testcase name="textFontSize_test" time="28.964" classname="com.webtest.demo.TestNewPost"/>
  <testcase name="textFont_test" time="28.961" classname="com.webtest.demo.TestNewPost"/>
  <testcase name="textParagraph_test" time="28.933" classname="com.webtest.demo.TestNewPost"/>
  <testcase name="textStrikethroughAndUnderline_test" time="28.953" classname="com.webtest.demo.TestNewPost"/>
  <testcase name="textFontsizeAndParagraph_test" time="35.392" classname="com.webtest.demo.TestNewPost"/>
  <testcase name="textColor_test" time="32.141" classname="com.webtest.demo.TestNewPost"/>
  <testcase name="textBackgroundColor_test" time="32.127" classname="com.webtest.demo.TestNewPost"/>
  <testcase name="textAlignCenter_test" time="25.651" classname="com.webtest.demo.TestNewPost"/>
  <testcase name="textAlignLeft_test" time="25.68" classname="com.webtest.demo.TestNewPost"/>
  <testcase name="textAlignRight_test" time="25.66" classname="com.webtest.demo.TestNewPost"/>
  <testcase name="textJustify_test" time="25.692" classname="com.webtest.demo.TestNewPost"/>
  <testcase name="textRetract_test" time="25.75" classname="com.webtest.demo.TestNewPost"/>
  <testcase name="textCancleRetract_test" time="28.962" classname="com.webtest.demo.TestNewPost"/>
  <testcase name="textLink_test" time="28.985" classname="com.webtest.demo.TestNewPost"/>
  <testcase name="textCancleLink_test" time="32.179" classname="com.webtest.demo.TestNewPost"/>
  <testcase name="textLinkError_test" time="28.96" classname="com.webtest.demo.TestNewPost"/>
  <testcase name="textAreaAdd_test" time="25.688" classname="com.webtest.demo.TestNewPost"/>
  <testcase name="textrevocation_test" time="32.107" classname="com.webtest.demo.TestNewPost"/>
  <testcase name="textProcedureCode_test" time="25.713" classname="com.webtest.demo.TestNewPost"/>
  <testcase name="textAreaOverstriking_test" time="28.964" classname="com.webtest.demo.TestNewPost"/>
  <testcase name="textAreaBias_test" time="28.912" classname="com.webtest.demo.TestNewPost"/>
  <testcase name="textAreaStrikethrough_test" time="28.89" classname="com.webtest.demo.TestNewPost"/>
  <testcase name="textAreaUnderline_test" time="28.905" classname="com.webtest.demo.TestNewPost"/>
  <testcase name="textAreaFontSize_test" time="32.185" classname="com.webtest.demo.TestNewPost"/>
  <testcase name="textAreaFont_test" time="32.179" classname="com.webtest.demo.TestNewPost"/>
  <testcase name="textAreaParagraph_test" time="32.175" classname="com.webtest.demo.TestNewPost"/>
  <testcase name="textAreaStrikethroughAndUnderline_test" time="32.168" classname="com.webtest.demo.TestNewPost"/>
  <testcase name="textAreaFontsizeAndParagraph_test" time="38.582" classname="com.webtest.demo.TestNewPost"/>
  <testcase name="textAreaColor_test" time="35.375" classname="com.webtest.demo.TestNewPost"/>
  <testcase name="textAreaBackgroundColor_test" time="35.366" classname="com.webtest.demo.TestNewPost"/>
  <testcase name="textAreaAlignCenter_test" time="28.898" classname="com.webtest.demo.TestNewPost"/>
  <testcase name="textAreaAlignLeft_test" time="28.915" classname="com.webtest.demo.TestNewPost"/>
  <testcase name="textAreaAlignRight_test" time="28.899" classname="com.webtest.demo.TestNewPost"/>
  <testcase name="textAreaJustify_test" time="28.906" classname="com.webtest.demo.TestNewPost"/>
  <testcase name="textAreaRetract_test" time="28.922" classname="com.webtest.demo.TestNewPost"/>
  <testcase name="textAreaCancleRetract_test" time="32.201" classname="com.webtest.demo.TestNewPost"/>
  <testcase name="textAreaLink_test" time="32.158" classname="com.webtest.demo.TestNewPost"/>
  <testcase name="textAreaCancleLink_test" time="35.407" classname="com.webtest.demo.TestNewPost"/>
  <testcase name="textAreaLinkError_test" time="32.177" classname="com.webtest.demo.TestNewPost"/>
</testsuite> <!-- Logintest -->
